<?xml version="1.0" encoding="UTF-8"?>
<!-- Generated by org.testng.reporters.JUnitReportReporter -->
<testsuite hostname="JO" failures="0" tests="1" name="tests.RestorefRecycleTest" time="28.317" errors="0" timestamp="2022-06-02T17:03:12 CDT" skipped="0">
  <testcase classname="tests.RestorefRecycleTest" name="deleteFromRecycle" time="28.317"/>
  <system-out/>
</testsuite> <!-- tests.RestorefRecycleTest -->
