<?xml version="1.0" encoding="UTF-8"?>
<!-- Generated by org.testng.reporters.JUnitReportReporter -->
<testsuite hostname="JO" failures="0" tests="1" name="tests.ImageInsideFolderTest" time="31.269" errors="0" timestamp="2022-06-02T09:12:12 CDT" skipped="0">
  <testcase classname="tests.ImageInsideFolderTest" name="imageInsideFolder" time="31.269"/>
  <system-out/>
</testsuite> <!-- tests.ImageInsideFolderTest -->
