<?xml version="1.0" encoding="UTF-8"?>
<!-- Generated by org.testng.reporters.JUnitReportReporter -->
<testsuite hostname="JO" failures="0" tests="1" name="tests.DeletefRecycleTest" time="29.592" errors="0" timestamp="2022-06-02T16:52:27 CDT" skipped="0">
  <testcase classname="tests.DeletefRecycleTest" name="deleteFromRecycle" time="29.592"/>
  <system-out/>
</testsuite> <!-- tests.DeletefRecycleTest -->
