<?xml version="1.0" encoding="UTF-8"?>
<!-- Generated by org.testng.reporters.JUnitReportReporter -->
<testsuite hostname="JO" failures="0" tests="1" name="tests.VideoInsideFolderTest" time="29.768" errors="0" timestamp="2022-06-02T09:37:33 CDT" skipped="0">
  <testcase classname="tests.VideoInsideFolderTest" name="uploadVideoInsideFolder" time="29.768"/>
  <system-out/>
</testsuite> <!-- tests.VideoInsideFolderTest -->
