<?xml version="1.0" encoding="UTF-8"?>
<!-- Generated by org.testng.reporters.JUnitReportReporter -->
<testsuite hostname="JO" failures="0" tests="1" name="tests.PdfInsideFolderTest" time="30.130" errors="0" timestamp="2022-06-02T14:49:16 CDT" skipped="0">
  <testcase classname="tests.PdfInsideFolderTest" name="pdfUpload" time="30.130"/>
  <system-out/>
</testsuite> <!-- tests.PdfInsideFolderTest -->
