<?xml version="1.0" encoding="UTF-8"?>
<!-- Generated by org.testng.reporters.JUnitReportReporter -->
<testsuite hostname="DESKTOP-TP2FQ4I" failures="0" tests="1" name="tests.RmoveFilterTest" time="36.195" errors="0" timestamp="2022-06-07T09:48:06 CDT" skipped="0">
  <testcase classname="tests.RmoveFilterTest" name="filter" time="36.195"/>
  <system-out/>
</testsuite> <!-- tests.RmoveFilterTest -->
