<?xml version="1.0" encoding="UTF-8"?>
<!-- Generated by org.testng.reporters.JUnitReportReporter -->
<testsuite hostname="JO" failures="0" tests="1" name="tests.MVInsideFolderTest" time="43.601" errors="0" timestamp="2022-06-03T12:22:34 CDT" skipped="0">
  <testcase classname="tests.MVInsideFolderTest" name="uploadVideo" time="43.601"/>
  <system-out/>
</testsuite> <!-- tests.MVInsideFolderTest -->
