<?xml version="1.0" encoding="UTF-8"?>
<!-- Generated by org.testng.reporters.JUnitReportReporter -->
<testsuite hostname="JO" failures="0" tests="1" name="tests.ExcelInsideFolderTest" time="29.093" errors="0" timestamp="2022-06-02T11:59:45 CDT" skipped="0">
  <testcase classname="tests.ExcelInsideFolderTest" name="Uploadexcel" time="29.093"/>
  <system-out/>
</testsuite> <!-- tests.ExcelInsideFolderTest -->
