<?xml version="1.0" encoding="UTF-8"?>
<!-- Generated by org.testng.reporters.JUnitReportReporter -->
<testsuite hostname="JO" failures="0" tests="1" name="tests.DeselectAllCheckboxTest" time="30.810" errors="0" timestamp="2022-06-02T15:32:51 CDT" skipped="0">
  <testcase classname="tests.DeselectAllCheckboxTest" name="select" time="30.810"/>
  <system-out/>
</testsuite> <!-- tests.DeselectAllCheckboxTest -->
