<?xml version="1.0" encoding="UTF-8"?>
<!-- Generated by org.testng.reporters.JUnitReportReporter -->
<testsuite hostname="JO" failures="0" tests="1" name="tests.MultipleImageTest" time="40.724" errors="0" timestamp="2022-06-03T11:24:28 CDT" skipped="0">
  <testcase classname="tests.MultipleImageTest" name="uploadImages" time="40.724"/>
  <system-out/>
</testsuite> <!-- tests.MultipleImageTest -->
