<?xml version="1.0" encoding="UTF-8"?>
<!-- Generated by org.testng.reporters.JUnitReportReporter -->
<testsuite hostname="JO" failures="0" tests="1" name="tests.ChangePasswordTest" time="34.013" errors="0" timestamp="2022-06-04T11:13:08 CDT" skipped="0">
  <testcase classname="tests.ChangePasswordTest" name="Change_Password" time="34.013"/>
  <system-out/>
</testsuite> <!-- tests.ChangePasswordTest -->
