<?xml version="1.0" encoding="UTF-8"?>
<!-- Generated by org.testng.reporters.JUnitReportReporter -->
<testsuite hostname="JO" failures="0" tests="1" name="tests.OldPasswordTest" time="34.249" errors="0" timestamp="2022-06-04T11:18:43 CDT" skipped="0">
  <testcase classname="tests.OldPasswordTest" name="Old_Password" time="34.249"/>
  <system-out/>
</testsuite> <!-- tests.OldPasswordTest -->
