<?xml version="1.0" encoding="UTF-8"?>
<!-- Generated by org.testng.reporters.JUnitReportReporter -->
<testsuite hostname="DESKTOP-TP2FQ4I" failures="0" tests="1" name="tests.FilterTest" time="27.656" errors="0" timestamp="2022-06-07T09:45:40 CDT" skipped="0">
  <testcase classname="tests.FilterTest" name="filter" time="27.656"/>
  <system-out/>
</testsuite> <!-- tests.FilterTest -->
