<?xml version="1.0" encoding="UTF-8"?>
<!-- Generated by org.testng.reporters.JUnitReportReporter -->
<testsuite hostname="JO" failures="0" tests="1" name="tests.ProfilePictureTest" time="25.921" errors="0" timestamp="2022-06-04T10:32:15 CDT" skipped="0">
  <testcase classname="tests.ProfilePictureTest" name="set_ProfileImage" time="25.921"/>
  <system-out/>
</testsuite> <!-- tests.ProfilePictureTest -->
