<?xml version="1.0" encoding="UTF-8"?>
<!-- Generated by org.testng.reporters.JUnitReportReporter -->
<testsuite hostname="DESKTOP-TP2FQ4I" failures="0" tests="1" name="tests.OptionDisplayedTest" time="48.724" errors="0" timestamp="2022-08-18T17:40:30 CDT" skipped="0">
  <testcase classname="tests.OptionDisplayedTest" name="folder_selection" time="48.724"/>
  <system-out/>
</testsuite> <!-- tests.OptionDisplayedTest -->
