<?xml version="1.0" encoding="UTF-8"?>
<!-- Generated by org.testng.reporters.JUnitReportReporter -->
<testsuite hostname="DESKTOP-TP2FQ4I" failures="0" tests="1" name="tests.LoginTest" time="15.771" errors="0" timestamp="2022-08-18T16:42:48 CDT" skipped="0">
  <testcase classname="tests.LoginTest" name="login" time="15.771"/>
  <system-out/>
</testsuite> <!-- tests.LoginTest -->
