<?xml version="1.0" encoding="UTF-8"?>
<!-- Generated by org.testng.reporters.JUnitReportReporter -->
<testsuite hostname="JO" failures="0" tests="1" name="tests.SubFolderTest" time="22.591" errors="0" timestamp="2022-06-01T17:03:58 CDT" skipped="0">
  <testcase classname="tests.SubFolderTest" name="createSubFolder" time="22.591"/>
  <system-out/>
</testsuite> <!-- tests.SubFolderTest -->
