<?xml version="1.0" encoding="UTF-8"?>
<!-- Generated by org.testng.reporters.JUnitReportReporter -->
<testsuite hostname="JO" failures="0" tests="1" name="tests.UploadpdfTest" time="26.824" errors="0" timestamp="2022-06-01T14:25:27 CDT" skipped="0">
  <testcase classname="tests.UploadpdfTest" name="pdfUpload" time="26.824"/>
  <system-out/>
</testsuite> <!-- tests.UploadpdfTest -->
