<?xml version="1.0" encoding="UTF-8"?>
<!-- Generated by org.testng.reporters.JUnitReportReporter -->
<testsuite hostname="DESKTOP-HAO5JAG" failures="0" tests="1" name="tests.BaseClass" time="10.827" errors="0" timestamp="2022-05-24T09:45:37 CDT" skipped="0">
  <testcase classname="tests.BaseClass" name="sampleTest" time="10.827"/>
  <system-out/>
</testsuite> <!-- tests.BaseClass -->
