<?xml version="1.0" encoding="UTF-8"?>
<!-- Generated by org.testng.reporters.JUnitReportReporter -->
<testsuite hostname="JO" failures="0" tests="1" name="tests.UploadexcelTest" time="33.700" errors="0" timestamp="2022-06-01T13:59:45 CDT" skipped="0">
  <testcase classname="tests.UploadexcelTest" name="Uploadexcel" time="33.700"/>
  <system-out/>
</testsuite> <!-- tests.UploadexcelTest -->
