<?xml version="1.0" encoding="UTF-8"?>
<!-- Generated by org.testng.reporters.JUnitReportReporter -->
<testsuite hostname="JO" failures="0" tests="1" name="tests.UploadgifTest" time="15.352" errors="0" timestamp="2022-05-31T16:07:55 CDT" skipped="0">
  <testcase classname="tests.UploadgifTest" name="uploadgif" time="15.352"/>
  <system-out/>
</testsuite> <!-- tests.UploadgifTest -->
