<?xml version="1.0" encoding="UTF-8"?>
<!-- Generated by org.testng.reporters.JUnitReportReporter -->
<testsuite hostname="JO" failures="0" tests="1" name="tests.RenameFoldreTest" time="20.728" errors="0" timestamp="2022-06-01T16:24:53 CDT" skipped="0">
  <testcase classname="tests.RenameFoldreTest" name="setFColor" time="20.728"/>
  <system-out/>
</testsuite> <!-- tests.RenameFoldreTest -->
