<?xml version="1.0" encoding="UTF-8"?>
<!-- Generated by org.testng.reporters.JUnitReportReporter -->
<testsuite hostname="DESKTOP-TP2FQ4I" failures="0" tests="1" name="tests.ChangeColorBothTest" time="39.354" errors="0" timestamp="2022-08-18T18:48:01 CDT" skipped="0">
  <testcase classname="tests.ChangeColorBothTest" name="setFColor" time="39.354"/>
  <system-out/>
</testsuite> <!-- tests.ChangeColorBothTest -->
