<?xml version="1.0" encoding="UTF-8"?>
<!-- Generated by org.testng.reporters.JUnitReportReporter -->
<testsuite hostname="JO" failures="0" tests="1" name="tests.DeletePPTest" time="24.322" errors="0" timestamp="2022-06-04T10:39:28 CDT" skipped="0">
  <testcase classname="tests.DeletePPTest" name="set_ProfileImage" time="24.322"/>
  <system-out/>
</testsuite> <!-- tests.DeletePPTest -->
